  glad.c
  main.cpp
C:\Users\mason\source\repos\LearnOpenGL\LearnOpenGL\main.cpp(244,30): warning C4244: 'initializing': conversion from 'double' to 'GLfloat', possible loss of data
C:\Users\mason\source\repos\LearnOpenGL\LearnOpenGL\main.cpp(307,17): warning C4244: '=': conversion from 'double' to 'GLfloat', possible loss of data
C:\Users\mason\source\repos\LearnOpenGL\LearnOpenGL\main.cpp(308,17): warning C4244: '=': conversion from 'double' to 'GLfloat', possible loss of data
C:\Users\mason\source\repos\LearnOpenGL\LearnOpenGL\main.cpp(312,21): warning C4244: 'initializing': conversion from 'double' to 'GLfloat', possible loss of data
C:\Users\mason\source\repos\LearnOpenGL\LearnOpenGL\main.cpp(313,21): warning C4244: 'initializing': conversion from 'double' to 'GLfloat', possible loss of data
C:\Users\mason\source\repos\LearnOpenGL\LearnOpenGL\main.cpp(314,13): warning C4244: '=': conversion from 'double' to 'GLfloat', possible loss of data
C:\Users\mason\source\repos\LearnOpenGL\LearnOpenGL\main.cpp(315,13): warning C4244: '=': conversion from 'double' to 'GLfloat', possible loss of data
C:\Users\mason\source\repos\LearnOpenGL\LearnOpenGL\main.cpp(344,23): warning C4244: '-=': conversion from 'double' to 'GLfloat', possible loss of data
main.obj : error LNK2019: unresolved external symbol _glfwInit referenced in function _main
main.obj : error LNK2019: unresolved external symbol _glfwTerminate referenced in function _main
main.obj : error LNK2019: unresolved external symbol _glfwWindowHint referenced in function _main
main.obj : error LNK2019: unresolved external symbol _glfwCreateWindow referenced in function _main
main.obj : error LNK2019: unresolved external symbol _glfwWindowShouldClose referenced in function _main
main.obj : error LNK2019: unresolved external symbol _glfwSetWindowShouldClose referenced in function "void __cdecl processInput(struct GLFWwindow *)" (?processInput@@YAXPAUGLFWwindow@@@Z)
main.obj : error LNK2019: unresolved external symbol _glfwSetFramebufferSizeCallback referenced in function _main
main.obj : error LNK2019: unresolved external symbol _glfwPollEvents referenced in function _main
main.obj : error LNK2019: unresolved external symbol _glfwSetInputMode referenced in function _main
main.obj : error LNK2019: unresolved external symbol _glfwGetKey referenced in function "void __cdecl processInput(struct GLFWwindow *)" (?processInput@@YAXPAUGLFWwindow@@@Z)
main.obj : error LNK2019: unresolved external symbol _glfwGetMouseButton referenced in function "void __cdecl processInput(struct GLFWwindow *)" (?processInput@@YAXPAUGLFWwindow@@@Z)
main.obj : error LNK2019: unresolved external symbol _glfwSetCursorPosCallback referenced in function _main
main.obj : error LNK2019: unresolved external symbol _glfwSetScrollCallback referenced in function _main
main.obj : error LNK2019: unresolved external symbol _glfwGetTime referenced in function _main
main.obj : error LNK2019: unresolved external symbol _glfwMakeContextCurrent referenced in function _main
main.obj : error LNK2019: unresolved external symbol _glfwSwapBuffers referenced in function _main
main.obj : error LNK2019: unresolved external symbol _glfwGetProcAddress referenced in function _main
C:\Users\mason\Documents\Development\ThirdPartyIncludes\OpenGL\libs\glfw3.lib : warning LNK4272: library machine type 'x64' conflicts with target machine type 'x86'
C:\Users\mason\source\repos\LearnOpenGL\Debug\LearnOpenGL.exe : fatal error LNK1120: 17 unresolved externals
